Task created: Test by Tamok
Task created: Test by Tamok
Task 2 status changed to Doing by Tamok
Task 2 status changed to Waiting by Tamok
Task 2 status changed to Doing by Tamok
Task 2 status changed to Waiting by Tamok
Task 2 status changed to Doing by Tamok
Task 2 status changed to Done by Tamok
Comment added to task 1 by Test
User Test changed skip_confirm_begin to true
Task 1 status changed to Doing by Test
User Test changed skip_confirm_end to true
Task 1 status changed to Done by Test
User Tamok changed timezone to America/New_York
User Tamok changed dark_mode to true
User Tamok changed dark_mode to true
User Tamok changed dark_mode to false
User Tamok changed dark_mode to true
User Tamok changed show_tooltips to true
User Tamok changed show_tooltips to false
User Tamok changed skip_confirm_begin to true
User Tamok changed show_tooltips to true
Task created: Test by Tamok
Task 1 description edited by Tamok
Comment added to task 1 by Tamok
Task 1 status changed to Doing by Tamok
Task 1 status changed to Waiting by Tamok
Comment added to task 1 by Test
Task 1 status changed to Done by Tamok
User Test changed show_tooltips to true
User Tamok changed show_tooltips to true
User Tamok changed dark_mode to true
User Tamok changed skip_confirm_end to true
Task created: test by Tamok
User Test changed dark_mode to true
User Test changed dark_mode to false
User Test changed dark_mode to true
User Test changed timezone to Asia/Tokyo
Task created: test by Test
User Tamok changed dark_mode to true
Task created: Test by Tamok
Comment added to task 1 by Tamok
Task 1 status changed to Doing by Tamok
Task 1 status changed to Done by Tamok
Task created: test by Tamok
User Tamok changed dark_mode to false
User Tamok changed show_tooltips to false
User Tamok deleted all To-Do tasks
User Tamok purged all tasks
Task created: test by Tamok
Task 1 description edited by Tamok
Task 1 description edited by Tamok
Comment added to task 1 by Tamok
User Tamok changed dark_mode to true
User Tamok changed dark_mode to false
Task 1 status changed to Waiting by Tamok
Task 1 status changed to Doing by Tamok
Comment added to task 1 by Tamok
User Tamok deleted all To-Do tasks
User Tamok purged all tasks
Task created: test by Tamok
Task 1 status changed to Doing by Tamok
Comment added to task 1 by Tamok
Task created: test by Tamok
Task created: test by Tamok
Comment added to task 2 by Test
Comment added to task 2 by Tamok
User Tamok changed show_tooltips to true
User Tamok changed dark_mode to true
User Tamok changed show_tooltips to false
User Tamok changed dark_mode to false
Task 1 status changed to Done by Tamok
Comment added to task 2 by Tamok
User Tamok changed dark_mode to true
User Tamok changed dark_mode to false
