2025-02-27 18:00:32,072 - INFO - Application startup complete.
2025-02-27 18:06:24,922 - INFO - Application shutdown complete.
2025-02-27 18:08:59,921 - INFO - Application startup complete.
2025-02-27 18:11:23,404 - INFO - Task created: 1 by user Tamok
2025-02-27 18:16:05,282 - INFO - Application startup complete.
2025-02-27 18:16:50,505 - INFO - Task created: 2 by user Tamok
2025-02-27 18:17:41,671 - INFO - Comment added to task 1 by user Tamok
2025-02-27 18:17:49,334 - INFO - Task created: 3 by user Tamok
2025-02-27 18:19:22,377 - INFO - Comment added to task 3 by user Test2
2025-02-27 18:19:25,507 - INFO - Comment added to task 1 by user Test2
2025-02-27 18:19:30,557 - INFO - Task 1 status updated to TaskStatus.doing by user Tamok
2025-02-27 18:19:33,389 - INFO - Story created for task 1
2025-02-27 18:21:19,853 - INFO - Task 1 status updated to TaskStatus.waiting by user Tamok
2025-02-27 18:21:24,510 - INFO - Task 1 status updated to TaskStatus.doing by user Tamok
2025-02-27 18:21:27,551 - INFO - Task 2 status updated to TaskStatus.doing by user Tamok
2025-02-27 18:21:28,200 - INFO - Story created for task 2
2025-02-27 18:21:34,693 - INFO - Task 2 status updated to TaskStatus.done by user Tamok
2025-02-27 18:27:58,158 - INFO - Application shutdown complete.
2025-02-27 18:28:05,140 - INFO - Application startup complete.
2025-02-27 18:31:17,237 - INFO - Task 3 description edited by user Tamok
2025-02-27 18:32:53,885 - INFO - Comment added to task 1 by user Test2
2025-02-27 18:34:06,717 - INFO - Task 1 status updated to TaskStatus.waiting by user Test2
2025-02-27 18:34:08,126 - INFO - Task 1 status updated to TaskStatus.doing by user Test2
2025-02-27 18:34:09,079 - INFO - Task 1 status updated to TaskStatus.done by user Test2
2025-02-27 18:37:36,800 - INFO - Application shutdown complete.
2025-02-27 18:37:43,701 - INFO - Application startup complete.
2025-02-27 18:37:43,702 - INFO - Application shutdown complete.
2025-02-27 18:37:50,461 - INFO - Application startup complete.
2025-02-27 18:37:50,462 - INFO - Application shutdown complete.
2025-02-27 18:37:57,105 - INFO - Application startup complete.
2025-02-27 18:38:01,404 - INFO - Application shutdown complete.
2025-02-27 18:38:07,895 - INFO - Application startup complete.
2025-02-27 18:38:36,840 - INFO - Application shutdown complete.
2025-02-27 18:38:43,352 - INFO - Application startup complete.
2025-02-27 18:40:45,008 - INFO - Application shutdown complete.
2025-02-27 18:41:34,727 - INFO - Application startup complete.
2025-02-27 18:42:19,588 - INFO - Application shutdown complete.
2025-02-27 18:42:37,785 - INFO - Application startup complete.
2025-02-27 18:43:01,185 - INFO - Application shutdown complete.
2025-02-27 18:46:32,833 - INFO - Application startup complete.
2025-02-27 18:47:48,204 - INFO - Task created: 1 by user Tamok
2025-02-27 18:47:54,856 - INFO - Application shutdown complete.
2025-02-27 18:48:46,117 - INFO - Application startup complete.
2025-02-27 18:48:54,691 - INFO - Task created: 2 by user Tamok
2025-02-27 18:48:59,391 - INFO - Application shutdown complete.
2025-02-27 18:53:27,388 - INFO - Application startup complete.
2025-02-27 18:53:38,085 - INFO - Application shutdown complete.
2025-02-27 18:54:22,379 - INFO - Application startup complete.
2025-02-27 18:54:56,013 - INFO - Application shutdown complete.
2025-02-27 18:57:09,693 - INFO - Application startup complete.
2025-02-27 18:58:03,061 - INFO - Task 1 status updated to TaskStatus.doing by user Tamok
2025-02-27 18:58:05,943 - INFO - Story created for task 1
2025-02-27 18:59:18,707 - INFO - Task 1 status updated to TaskStatus.waiting by user Tamok
2025-02-27 18:59:22,098 - INFO - Task 1 status updated to TaskStatus.doing by user Tamok
2025-02-27 19:00:04,012 - INFO - Task 1 status updated to TaskStatus.done by user Tamok
2025-02-27 19:00:10,692 - INFO - Task 2 description edited by user Tamok
2025-02-27 19:00:13,260 - INFO - Task 2 status updated to TaskStatus.doing by user Tamok
2025-02-27 19:00:14,425 - INFO - Story created for task 2
2025-02-27 19:00:30,511 - INFO - Task created: 3 by user Tamok
2025-02-27 19:00:37,961 - INFO - Task created: 4 by user Tamok
2025-02-27 19:01:47,422 - INFO - Task created: 5 by user Tamok
2025-02-27 19:02:49,670 - INFO - Task 2 status updated to TaskStatus.done by user Tamok
2025-02-27 19:02:53,259 - INFO - Task 3 status updated to TaskStatus.doing by user Tamok
2025-02-27 19:02:56,051 - INFO - Story created for task 3
2025-02-27 19:03:00,289 - INFO - Task 3 status updated to TaskStatus.waiting by user Tamok
2025-02-27 19:04:26,796 - INFO - Task 3 status updated to TaskStatus.doing by user Tamok
2025-02-27 19:04:29,140 - INFO - Task 3 status updated to TaskStatus.waiting by user Tamok
2025-02-27 19:04:30,727 - INFO - Task 3 status updated to TaskStatus.done by user Tamok
2025-02-27 19:06:56,384 - INFO - Application shutdown complete.
2025-02-27 19:07:04,567 - INFO - Application startup complete.
2025-02-27 19:07:04,567 - INFO - Application shutdown complete.
2025-02-27 19:07:12,213 - INFO - Application startup complete.
2025-02-27 19:07:36,475 - INFO - Application shutdown complete.
2025-02-27 19:07:43,112 - INFO - Application startup complete.
2025-02-27 19:08:38,142 - INFO - Application shutdown complete.
2025-02-27 19:08:51,414 - INFO - Application startup complete.
2025-02-27 19:09:07,713 - INFO - Application shutdown complete.
2025-02-27 19:10:53,539 - INFO - Application startup complete.
2025-02-27 19:11:10,935 - INFO - Application shutdown complete.
2025-02-27 19:12:31,106 - INFO - Application startup complete.
2025-02-27 19:15:25,663 - INFO - Task created: 6 by user Tamok
2025-02-27 19:16:10,885 - INFO - Task 4 status updated to TaskStatus.doing by user Tamok
2025-02-27 19:16:13,766 - INFO - Story created for task 4
2025-02-27 19:16:26,261 - INFO - Task 5 status updated to TaskStatus.doing by user Tamok
2025-02-27 19:16:28,975 - INFO - Story created for task 5
2025-02-27 19:16:33,605 - INFO - Task 4 status updated to TaskStatus.done by user Tamok
2025-02-27 19:16:39,041 - INFO - Task 5 status updated to TaskStatus.done by user Tamok
2025-02-27 19:18:38,311 - INFO - Task created: 7 by user Tamok
2025-02-27 19:18:40,646 - INFO - Task 6 description edited by user Tamok
2025-02-27 19:18:42,717 - INFO - Comment added to task 6 by user Tamok
2025-02-27 19:18:48,571 - INFO - Comment added to task 7 by user Tamok
2025-02-27 19:18:54,787 - INFO - Comment added to task 7 by user Test
2025-02-27 19:19:08,753 - INFO - Comment added to task 1 by user Test
2025-02-27 20:24:05,466 - INFO - Application shutdown complete.
2025-02-27 20:24:12,367 - INFO - Application startup complete.
2025-02-27 20:24:15,508 - INFO - Application shutdown complete.
2025-02-27 20:24:21,923 - INFO - Application startup complete.
2025-02-27 20:24:30,454 - INFO - Application shutdown complete.
2025-02-27 20:24:36,998 - INFO - Application startup complete.
2025-02-27 20:24:40,785 - INFO - Application shutdown complete.
2025-02-27 20:24:47,285 - INFO - Application startup complete.
2025-02-27 20:24:57,204 - INFO - Application shutdown complete.
2025-02-27 20:26:21,306 - INFO - Application startup complete.
2025-02-27 20:27:39,232 - INFO - Task created: 8 by user Tamok
2025-02-27 20:29:15,356 - INFO - Task created: 9 by user Test
2025-02-27 20:29:28,208 - INFO - Task 9 description edited by user Test
2025-02-27 20:29:30,093 - INFO - Comment added to task 9 by user Test
2025-02-27 20:30:12,989 - INFO - Task 7 status updated to TaskStatus.doing by user Tamok
2025-02-27 20:30:15,896 - INFO - Story created for task 7
2025-02-27 20:30:18,014 - INFO - Task 7 status updated to TaskStatus.waiting by user Tamok
2025-02-27 20:30:19,328 - INFO - Task 7 status updated to TaskStatus.doing by user Tamok
2025-02-27 20:30:22,947 - INFO - Task 7 status updated to TaskStatus.done by user Tamok
2025-02-27 20:32:34,847 - INFO - Application shutdown complete.
2025-02-27 20:39:17,492 - INFO - Application startup complete.
2025-02-27 20:39:17,493 - INFO - Application shutdown complete.
2025-02-27 20:40:18,686 - INFO - Application startup complete.
2025-02-27 20:40:26,312 - INFO - Application shutdown complete.
2025-02-27 20:43:38,692 - INFO - Application startup complete.
2025-02-27 20:43:42,539 - INFO - Application shutdown complete.
2025-02-27 20:47:36,596 - INFO - Application startup complete.
2025-02-27 20:48:36,393 - INFO - Task created: 1 by user Tamok
2025-02-27 20:48:40,659 - INFO - Task created: 2 by user Tamok
2025-02-27 20:49:06,511 - INFO - Task 2 status updated to TaskStatus.doing by user Tamok
2025-02-27 20:49:09,380 - INFO - Story created for task 2
2025-02-27 20:49:23,996 - INFO - Task 2 status updated to TaskStatus.waiting by user Tamok
2025-02-27 20:49:25,266 - INFO - Task 2 status updated to TaskStatus.doing by user Tamok
2025-02-27 20:49:29,358 - INFO - Task 2 status updated to TaskStatus.waiting by user Tamok
2025-02-27 20:49:30,704 - INFO - Task 2 status updated to TaskStatus.doing by user Tamok
2025-02-27 20:49:39,263 - INFO - Task 2 status updated to TaskStatus.done by user Tamok
2025-02-27 20:51:04,113 - INFO - Comment added to task 1 by user Test
2025-02-27 20:52:54,099 - INFO - Task 1 status updated to TaskStatus.doing by user Test
2025-02-27 20:52:56,847 - INFO - Story created for task 1
2025-02-27 20:53:02,751 - INFO - Task 1 status updated to TaskStatus.done by user Test
2025-02-27 21:00:44,104 - INFO - Application shutdown complete.
2025-02-27 21:00:50,551 - INFO - Application startup complete.
2025-02-27 21:00:50,553 - INFO - Application shutdown complete.
2025-02-27 21:02:30,038 - INFO - Application startup complete.
2025-02-27 21:02:30,038 - INFO - Application shutdown complete.
2025-02-27 21:02:43,227 - INFO - Application startup complete.
2025-02-27 21:04:53,851 - INFO - Task created: 1 by user Tamok
2025-02-27 21:05:00,901 - INFO - Task 1 description edited by user Tamok
2025-02-27 21:05:02,840 - INFO - Comment added to task 1 by user Tamok
2025-02-27 21:05:08,908 - INFO - Task 1 status updated to TaskStatus.doing by user Tamok
2025-02-27 21:05:11,727 - INFO - Story created for task 1
2025-02-27 21:05:12,144 - INFO - Task 1 status updated to TaskStatus.waiting by user Tamok
2025-02-27 21:05:44,651 - INFO - Comment added to task 1 by user Test
2025-02-27 21:05:48,951 - INFO - Task 1 status updated to TaskStatus.done by user Tamok
2025-02-27 21:07:26,027 - INFO - Task created: 2 by user Tamok
2025-02-27 21:08:32,457 - INFO - Task created: 3 by user Test
2025-02-27 21:16:36,479 - INFO - Application shutdown complete.
2025-02-27 21:16:43,342 - INFO - Application startup complete.
2025-02-27 21:16:43,343 - INFO - Application shutdown complete.
2025-02-27 21:18:44,322 - INFO - Application startup complete.
2025-02-27 21:19:17,018 - INFO - Task created: 1 by user Tamok
2025-02-27 21:19:24,182 - INFO - Comment added to task 1 by user Tamok
2025-02-27 21:19:58,592 - INFO - Task 1 status updated to TaskStatus.doing by user Tamok
2025-02-27 21:20:01,511 - INFO - Story created for task 1
2025-02-27 21:20:04,406 - INFO - Task 1 status updated to TaskStatus.done by user Tamok
2025-02-27 21:20:28,245 - INFO - Task created: 2 by user Tamok
2025-02-27 21:21:08,037 - INFO - 1 To-Do tasks deleted by dev command.
2025-02-27 21:21:13,226 - INFO - All tasks purged by dev command.
2025-02-27 21:23:55,471 - INFO - Task created: 1 by user Tamok
2025-02-27 21:24:11,320 - INFO - Task 1 description edited by user Tamok
2025-02-27 21:24:21,393 - INFO - Task 1 description edited by user Tamok
2025-02-27 21:24:23,898 - INFO - Comment added to task 1 by user Tamok
2025-02-27 21:41:36,486 - INFO - Application shutdown complete.
2025-02-27 21:41:43,410 - INFO - Application startup complete.
2025-02-27 21:42:53,947 - INFO - Task 1 status updated to TaskStatus.doing by user Tamok
2025-02-27 21:43:15,147 - INFO - Task 1 status updated to TaskStatus.waiting by user Tamok
2025-02-27 21:43:16,307 - INFO - Task 1 status updated to TaskStatus.doing by user Tamok
2025-02-27 21:43:35,512 - INFO - Comment added to task 1 by user Tamok
2025-02-27 21:43:58,999 - INFO - 0 To-Do tasks deleted by dev command.
2025-02-27 21:44:01,187 - INFO - All tasks purged by dev command.
2025-02-27 21:44:07,093 - INFO - Task created: 1 by user Tamok
2025-02-27 21:44:09,217 - INFO - Task 1 status updated to TaskStatus.doing by user Tamok
2025-02-27 21:44:12,097 - INFO - Story created for task 1
2025-02-27 21:44:50,064 - INFO - Application shutdown complete.
2025-02-27 21:45:05,512 - INFO - Application startup complete.
2025-02-27 21:45:27,816 - INFO - Comment added to task 1 by user Tamok
2025-02-27 21:46:33,350 - INFO - Application shutdown complete.
